# JRE version: 7.0_07-b11
# Java VM: Java HotSpot(TM) 64-Bit Server VM (23.3-b01 mixed mode windows-amd64 compressed oops)
Heap
 PSYoungGen      total 1167616K, used 1074119K [0x00000007aac00000, 0x00000007fa990000, 0x0000000800000000)
  eden space 1093760K, 91% used [0x00000007aac00000,0x00000007e7cd9fb0,0x00000007ed820000)
  from space 73856K, 99% used [0x00000007f23e0000,0x00000007f6bf8020,0x00000007f6c00000)
  to   space 63040K, 0% used [0x00000007f6c00000,0x00000007f6c00000,0x00000007fa990000)
 ParOldGen       total 336128K, used 117568K [0x0000000700400000, 0x0000000714c40000, 0x00000007aac00000)
  object space 336128K, 34% used [0x0000000700400000,0x00000007076d0380,0x0000000714c40000)
 PSPermGen       total 24320K, used 19936K [0x00000006fb200000, 0x00000006fc9c0000, 0x0000000700400000)
  object space 24320K, 81% used [0x00000006fb200000,0x00000006fc578330,0x00000006fc9c0000)
GC Heap History (10 events):
Event: 2.479 GC heap before
{Heap before GC invocations=10 (full 0):
 PSYoungGen      total 534592K, used 524320K [0x00000007aac00000, 0x00000007df320000, 0x0000000800000000)
  eden space 524288K, 100% used [0x00000007aac00000,0x00000007cac00000,0x00000007cac00000)
  from space 10304K, 0% used [0x00000007cac00000,0x00000007cac08000,0x00000007cb610000)
  to   space 10176K, 0% used [0x00000007de930000,0x00000007de930000,0x00000007df320000)
 ParOldGen       total 174592K, used 89286K [0x0000000700400000, 0x000000070ae80000, 0x00000007aac00000)
  object space 174592K, 51% used [0x0000000700400000,0x0000000705b31b58,0x000000070ae80000)
 PSPermGen       total 21248K, used 11945K [0x00000006fb200000, 0x00000006fc6c0000, 0x0000000700400000)
  object space 21248K, 56% used [0x00000006fb200000,0x00000006fbdaa7a0,0x00000006fc6c0000)
Event: 2.479 GC heap after
Heap after GC invocations=10 (full 0):
 PSYoungGen      total 848704K, used 96K [0x00000007aac00000, 0x00000007df2c0000, 0x0000000800000000)
  eden space 838912K, 0% used [0x00000007aac00000,0x00000007aac00000,0x00000007ddf40000)
  from space 9792K, 0% used [0x00000007de930000,0x00000007de948000,0x00000007df2c0000)
  to   space 9984K, 0% used [0x00000007ddf40000,0x00000007ddf40000,0x00000007de900000)
 ParOldGen       total 174592K, used 89294K [0x0000000700400000, 0x000000070ae80000, 0x00000007aac00000)
  object space 174592K, 51% used [0x0000000700400000,0x0000000705b33b58,0x000000070ae80000)
 PSPermGen       total 21248K, used 11945K [0x00000006fb200000, 0x00000006fc6c0000, 0x0000000700400000)
  object space 21248K, 56% used [0x00000006fb200000,0x00000006fbdaa7a0,0x00000006fc6c0000)
}
Event: 3.863 GC heap before
{Heap before GC invocations=11 (full 0):
 PSYoungGen      total 848704K, used 839008K [0x00000007aac00000, 0x00000007df2c0000, 0x0000000800000000)
  eden space 838912K, 100% used [0x00000007aac00000,0x00000007ddf40000,0x00000007ddf40000)
  from space 9792K, 0% used [0x00000007de930000,0x00000007de948000,0x00000007df2c0000)
  to   space 9984K, 0% used [0x00000007ddf40000,0x00000007ddf40000,0x00000007de900000)
 ParOldGen       total 174592K, used 89294K [0x0000000700400000, 0x000000070ae80000, 0x00000007aac00000)
  object space 174592K, 51% used [0x0000000700400000,0x0000000705b33b58,0x000000070ae80000)
 PSPermGen       total 21248K, used 12016K [0x00000006fb200000, 0x00000006fc6c0000, 0x0000000700400000)
  object space 21248K, 56% used [0x00000006fb200000,0x00000006fbdbc210,0x00000006fc6c0000)
Event: 3.952 GC heap after
Heap after GC invocations=11 (full 0):
 PSYoungGen      total 848896K, used 9952K [0x00000007aac00000, 0x0000000800000000, 0x0000000800000000)
  eden space 838912K, 0% used [0x00000007aac00000,0x00000007aac00000,0x00000007ddf40000)
  from space 9984K, 99% used [0x00000007ddf40000,0x00000007de8f8010,0x00000007de900000)
  to   space 88576K, 0% used [0x00000007fa980000,0x00000007fa980000,0x0000000800000000)
 ParOldGen       total 296704K, used 296558K [0x0000000700400000, 0x00000007125c0000, 0x00000007aac00000)
  object space 296704K, 99% used [0x0000000700400000,0x000000071259bb68,0x00000007125c0000)
 PSPermGen       total 21248K, used 12016K [0x00000006fb200000, 0x00000006fc6c0000, 0x0000000700400000)
  object space 21248K, 56% used [0x00000006fb200000,0x00000006fbdbc210,0x00000006fc6c0000)
}
Event: 3.952 GC heap before
{Heap before GC invocations=12 (full 1):
 PSYoungGen      total 848896K, used 9952K [0x00000007aac00000, 0x0000000800000000, 0x0000000800000000)
  eden space 838912K, 0% used [0x00000007aac00000,0x00000007aac00000,0x00000007ddf40000)
  from space 9984K, 99% used [0x00000007ddf40000,0x00000007de8f8010,0x00000007de900000)
  to   space 88576K, 0% used [0x00000007fa980000,0x00000007fa980000,0x0000000800000000)
 ParOldGen       total 296704K, used 296558K [0x0000000700400000, 0x00000007125c0000, 0x00000007aac00000)
  object space 296704K, 99% used [0x0000000700400000,0x000000071259bb68,0x00000007125c0000)
 PSPermGen       total 21248K, used 12016K [0x00000006fb200000, 0x00000006fc6c0000, 0x0000000700400000)
  object space 21248K, 56% used [0x00000006fb200000,0x00000006fbdbc210,0x00000006fc6c0000)
Event: 4.311 GC heap after
Heap after GC invocations=12 (full 1):
 PSYoungGen      total 848896K, used 0K [0x00000007aac00000, 0x0000000800000000, 0x0000000800000000)
  eden space 838912K, 0% used [0x00000007aac00000,0x00000007aac00000,0x00000007ddf40000)
  from space 9984K, 0% used [0x00000007ddf40000,0x00000007ddf40000,0x00000007de900000)
  to   space 88576K, 0% used [0x00000007fa980000,0x00000007fa980000,0x0000000800000000)
 ParOldGen       total 336128K, used 117568K [0x0000000700400000, 0x0000000714c40000, 0x00000007aac00000)
  object space 336128K, 34% used [0x0000000700400000,0x00000007076d0380,0x0000000714c40000)
 PSPermGen       total 24320K, used 12012K [0x00000006fb200000, 0x00000006fc9c0000, 0x0000000700400000)
  object space 24320K, 49% used [0x00000006fb200000,0x00000006fbdbb030,0x00000006fc9c0000)
}
Event: 4.806 GC heap before
{Heap before GC invocations=13 (full 1):
 PSYoungGen      total 848896K, used 814894K [0x00000007aac00000, 0x0000000800000000, 0x0000000800000000)
  eden space 838912K, 97% used [0x00000007aac00000,0x00000007dc7cba38,0x00000007ddf40000)
  from space 9984K, 0% used [0x00000007ddf40000,0x00000007ddf40000,0x00000007de900000)
  to   space 88576K, 0% used [0x00000007fa980000,0x00000007fa980000,0x0000000800000000)
 ParOldGen       total 336128K, used 117568K [0x0000000700400000, 0x0000000714c40000, 0x00000007aac00000)
  object space 336128K, 34% used [0x0000000700400000,0x00000007076d0380,0x0000000714c40000)
 PSPermGen       total 24320K, used 12013K [0x00000006fb200000, 0x00000006fc9c0000, 0x0000000700400000)
  object space 24320K, 49% used [0x00000006fb200000,0x00000006fbdbb580,0x00000006fc9c0000)
Event: 4.813 GC heap after
Heap after GC invocations=13 (full 1):
 PSYoungGen      total 995776K, used 36960K [0x00000007aac00000, 0x00000007fcda0000, 0x0000000800000000)
  eden space 958784K, 0% used [0x00000007aac00000,0x00000007aac00000,0x00000007e5450000)
  from space 36992K, 99% used [0x00000007fa980000,0x00000007fcd98020,0x00000007fcda0000)
  to   space 86912K, 0% used [0x00000007f23e0000,0x00000007f23e0000,0x00000007f78c0000)
 ParOldGen       total 336128K, used 117568K [0x0000000700400000, 0x0000000714c40000, 0x00000007aac00000)
  object space 336128K, 34% used [0x0000000700400000,0x00000007076d0380,0x0000000714c40000)
 PSPermGen       total 24320K, used 12013K [0x00000006fb200000, 0x00000006fc9c0000, 0x0000000700400000)
  object space 24320K, 49% used [0x00000006fb200000,0x00000006fbdbb580,0x00000006fc9c0000)
}
Event: 5.407 GC heap before
{Heap before GC invocations=14 (full 1):
 PSYoungGen      total 995776K, used 934849K [0x00000007aac00000, 0x00000007fcda0000, 0x0000000800000000)
  eden space 958784K, 93% used [0x00000007aac00000,0x00000007e18d8588,0x00000007e5450000)
  from space 36992K, 99% used [0x00000007fa980000,0x00000007fcd98020,0x00000007fcda0000)
  to   space 86912K, 0% used [0x00000007f23e0000,0x00000007f23e0000,0x00000007f78c0000)
 ParOldGen       total 336128K, used 117568K [0x0000000700400000, 0x0000000714c40000, 0x00000007aac00000)
  object space 336128K, 34% used [0x0000000700400000,0x00000007076d0380,0x0000000714c40000)
 PSPermGen       total 24320K, used 12013K [0x00000006fb200000, 0x00000006fc9c0000, 0x0000000700400000)
  object space 24320K, 49% used [0x00000006fb200000,0x00000006fbdbb5c0,0x00000006fc9c0000)
Event: 5.427 GC heap after
Heap after GC invocations=14 (full 1):
 PSYoungGen      total 1167616K, used 73824K [0x00000007aac00000, 0x00000007fa990000, 0x0000000800000000)
  eden space 1093760K, 0% used [0x00000007aac00000,0x00000007aac00000,0x00000007ed820000)
  from space 73856K, 99% used [0x00000007f23e0000,0x00000007f6bf8020,0x00000007f6c00000)
  to   space 63040K, 0% used [0x00000007f6c00000,0x00000007f6c00000,0x00000007fa990000)
 ParOldGen       total 336128K, used 117568K [0x0000000700400000, 0x0000000714c40000, 0x00000007aac00000)
  object space 336128K, 34% used [0x0000000700400000,0x00000007076d0380,0x0000000714c40000)
 PSPermGen       total 24320K, used 12013K [0x00000006fb200000, 0x00000006fc9c0000, 0x0000000700400000)
  object space 24320K, 49% used [0x00000006fb200000,0x00000006fbdbb5c0,0x00000006fc9c0000)
}

