# JRE version: Java(TM) SE Runtime Environment (8.0_65-b17) (build 1.8.0_65-b17)
# Java VM: Java HotSpot(TM) 64-Bit Server VM (25.65-b01 mixed mode windows-amd64 compressed oops)
Heap:
 PSYoungGen      total 450560K, used 138189K [0x00000000d5700000, 0x00000000fdd00000, 0x0000000100000000)
  eden space 247808K, 51% used [0x00000000d5700000,0x00000000dd47c8f0,0x00000000e4900000)
  from space 202752K, 4% used [0x00000000f1700000,0x00000000f2076ec0,0x00000000fdd00000)
  to   space 206848K, 0% used [0x00000000e4900000,0x00000000e4900000,0x00000000f1300000)
 ParOldGen       total 749056K, used 397924K [0x0000000080400000, 0x00000000adf80000, 0x00000000d5700000)
  object space 749056K, 53% used [0x0000000080400000,0x0000000098899288,0x00000000adf80000)
 Metaspace       used 19658K, capacity 19958K, committed 20224K, reserved 1067008K
  class space    used 2661K, capacity 2743K, committed 2816K, reserved 1048576K
GC Heap History (10 events):
Event: 14.824 GC heap before
{Heap before GC invocations=37 (full 7):
 PSYoungGen      total 464896K, used 234130K [0x00000000d5700000, 0x0000000100000000, 0x0000000100000000)
  eden space 232448K, 100% used [0x00000000d5700000,0x00000000e3a00000,0x00000000e3a00000)
  from space 232448K, 0% used [0x00000000e3a00000,0x00000000e3ba4980,0x00000000f1d00000)
  to   space 232448K, 0% used [0x00000000f1d00000,0x00000000f1d00000,0x0000000100000000)
 ParOldGen       total 749056K, used 395028K [0x0000000080400000, 0x00000000adf80000, 0x00000000d5700000)
  object space 749056K, 52% used [0x0000000080400000,0x00000000985c5278,0x00000000adf80000)
 Metaspace       used 17360K, capacity 17662K, committed 18048K, reserved 1064960K
  class space    used 2490K, capacity 2579K, committed 2688K, reserved 1048576K
Event: 14.826 GC heap after
Heap after GC invocations=37 (full 7):
 PSYoungGen      total 464896K, used 1467K [0x00000000d5700000, 0x0000000100000000, 0x0000000100000000)
  eden space 232448K, 0% used [0x00000000d5700000,0x00000000d5700000,0x00000000e3a00000)
  from space 232448K, 0% used [0x00000000f1d00000,0x00000000f1e6ee18,0x0000000100000000)
  to   space 232448K, 0% used [0x00000000e3a00000,0x00000000e3a00000,0x00000000f1d00000)
 ParOldGen       total 749056K, used 396636K [0x0000000080400000, 0x00000000adf80000, 0x00000000d5700000)
  object space 749056K, 52% used [0x0000000080400000,0x0000000098757288,0x00000000adf80000)
 Metaspace       used 17360K, capacity 17662K, committed 18048K, reserved 1064960K
  class space    used 2490K, capacity 2579K, committed 2688K, reserved 1048576K
}
Event: 22.467 GC heap before
{Heap before GC invocations=38 (full 7):
 PSYoungGen      total 464896K, used 233915K [0x00000000d5700000, 0x0000000100000000, 0x0000000100000000)
  eden space 232448K, 100% used [0x00000000d5700000,0x00000000e3a00000,0x00000000e3a00000)
  from space 232448K, 0% used [0x00000000f1d00000,0x00000000f1e6ee18,0x0000000100000000)
  to   space 232448K, 0% used [0x00000000e3a00000,0x00000000e3a00000,0x00000000f1d00000)
 ParOldGen       total 749056K, used 396636K [0x0000000080400000, 0x00000000adf80000, 0x00000000d5700000)
  object space 749056K, 52% used [0x0000000080400000,0x0000000098757288,0x00000000adf80000)
 Metaspace       used 18734K, capacity 19006K, committed 19328K, reserved 1067008K
  class space    used 2560K, capacity 2643K, committed 2688K, reserved 1048576K
Event: 22.472 GC heap after
Heap after GC invocations=38 (full 7):
 PSYoungGen      total 238080K, used 5490K [0x00000000d5700000, 0x00000000ffc00000, 0x0000000100000000)
  eden space 232448K, 0% used [0x00000000d5700000,0x00000000d5700000,0x00000000e3a00000)
  from space 5632K, 97% used [0x00000000e3a00000,0x00000000e3f5c9b0,0x00000000e3f80000)
  to   space 230400K, 0% used [0x00000000f1b00000,0x00000000f1b00000,0x00000000ffc00000)
 ParOldGen       total 749056K, used 397924K [0x0000000080400000, 0x00000000adf80000, 0x00000000d5700000)
  object space 749056K, 53% used [0x0000000080400000,0x0000000098899288,0x00000000adf80000)
 Metaspace       used 18734K, capacity 19006K, committed 19328K, reserved 1067008K
  class space    used 2560K, capacity 2643K, committed 2688K, reserved 1048576K
}
Event: 22.807 GC heap before
{Heap before GC invocations=39 (full 7):
 PSYoungGen      total 238080K, used 237938K [0x00000000d5700000, 0x00000000ffc00000, 0x0000000100000000)
  eden space 232448K, 100% used [0x00000000d5700000,0x00000000e3a00000,0x00000000e3a00000)
  from space 5632K, 97% used [0x00000000e3a00000,0x00000000e3f5c9b0,0x00000000e3f80000)
  to   space 230400K, 0% used [0x00000000f1b00000,0x00000000f1b00000,0x00000000ffc00000)
 ParOldGen       total 749056K, used 397924K [0x0000000080400000, 0x00000000adf80000, 0x00000000d5700000)
  object space 749056K, 53% used [0x0000000080400000,0x0000000098899288,0x00000000adf80000)
 Metaspace       used 18736K, capacity 19006K, committed 19328K, reserved 1067008K
  class space    used 2560K, capacity 2643K, committed 2688K, reserved 1048576K
Event: 22.812 GC heap after
Heap after GC invocations=39 (full 7):
 PSYoungGen      total 469504K, used 6793K [0x00000000d5700000, 0x00000000ffc00000, 0x0000000100000000)
  eden space 239104K, 0% used [0x00000000d5700000,0x00000000d5700000,0x00000000e4080000)
  from space 230400K, 2% used [0x00000000f1b00000,0x00000000f21a2558,0x00000000ffc00000)
  to   space 223744K, 0% used [0x00000000e4080000,0x00000000e4080000,0x00000000f1b00000)
 ParOldGen       total 749056K, used 397924K [0x0000000080400000, 0x00000000adf80000, 0x00000000d5700000)
  object space 749056K, 53% used [0x0000000080400000,0x0000000098899288,0x00000000adf80000)
 Metaspace       used 18736K, capacity 19006K, committed 19328K, reserved 1067008K
  class space    used 2560K, capacity 2643K, committed 2688K, reserved 1048576K
}
Event: 23.143 GC heap before
{Heap before GC invocations=40 (full 7):
 PSYoungGen      total 469504K, used 245897K [0x00000000d5700000, 0x00000000ffc00000, 0x0000000100000000)
  eden space 239104K, 100% used [0x00000000d5700000,0x00000000e4080000,0x00000000e4080000)
  from space 230400K, 2% used [0x00000000f1b00000,0x00000000f21a2558,0x00000000ffc00000)
  to   space 223744K, 0% used [0x00000000e4080000,0x00000000e4080000,0x00000000f1b00000)
 ParOldGen       total 749056K, used 397924K [0x0000000080400000, 0x00000000adf80000, 0x00000000d5700000)
  object space 749056K, 53% used [0x0000000080400000,0x0000000098899288,0x00000000adf80000)
 Metaspace       used 18736K, capacity 19006K, committed 19328K, reserved 1067008K
  class space    used 2560K, capacity 2643K, committed 2688K, reserved 1048576K
Event: 23.148 GC heap after
Heap after GC invocations=40 (full 7):
 PSYoungGen      total 247296K, used 8189K [0x00000000d5700000, 0x00000000fe980000, 0x0000000100000000)
  eden space 239104K, 0% used [0x00000000d5700000,0x00000000d5700000,0x00000000e4080000)
  from space 8192K, 99% used [0x00000000e4080000,0x00000000e487f7b8,0x00000000e4880000)
  to   space 215552K, 0% used [0x00000000f1700000,0x00000000f1700000,0x00000000fe980000)
 ParOldGen       total 749056K, used 397924K [0x0000000080400000, 0x00000000adf80000, 0x00000000d5700000)
  object space 749056K, 53% used [0x0000000080400000,0x0000000098899288,0x00000000adf80000)
 Metaspace       used 18736K, capacity 19006K, committed 19328K, reserved 1067008K
  class space    used 2560K, capacity 2643K, committed 2688K, reserved 1048576K
}
Event: 23.499 GC heap before
{Heap before GC invocations=41 (full 7):
 PSYoungGen      total 247296K, used 247293K [0x00000000d5700000, 0x00000000fe980000, 0x0000000100000000)
  eden space 239104K, 100% used [0x00000000d5700000,0x00000000e4080000,0x00000000e4080000)
  from space 8192K, 99% used [0x00000000e4080000,0x00000000e487f7b8,0x00000000e4880000)
  to   space 215552K, 0% used [0x00000000f1700000,0x00000000f1700000,0x00000000fe980000)
 ParOldGen       total 749056K, used 397924K [0x0000000080400000, 0x00000000adf80000, 0x00000000d5700000)
  object space 749056K, 53% used [0x0000000080400000,0x0000000098899288,0x00000000adf80000)
 Metaspace       used 18742K, capacity 19006K, committed 19328K, reserved 1067008K
  class space    used 2560K, capacity 2643K, committed 2688K, reserved 1048576K
Event: 23.505 GC heap after
Heap after GC invocations=41 (full 7):
 PSYoungGen      total 450560K, used 9691K [0x00000000d5700000, 0x00000000fdd00000, 0x0000000100000000)
  eden space 247808K, 0% used [0x00000000d5700000,0x00000000d5700000,0x00000000e4900000)
  from space 202752K, 4% used [0x00000000f1700000,0x00000000f2076ec0,0x00000000fdd00000)
  to   space 206848K, 0% used [0x00000000e4900000,0x00000000e4900000,0x00000000f1300000)
 ParOldGen       total 749056K, used 397924K [0x0000000080400000, 0x00000000adf80000, 0x00000000d5700000)
  object space 749056K, 53% used [0x0000000080400000,0x0000000098899288,0x00000000adf80000)
 Metaspace       used 18742K, capacity 19006K, committed 19328K, reserved 1067008K
  class space    used 2560K, capacity 2643K, committed 2688K, reserved 1048576K
}

