# JRE version: 7.0_07-b11
# Java VM: Java HotSpot(TM) 64-Bit Server VM (23.3-b01 mixed mode windows-amd64 compressed oops)
Heap
 PSYoungGen      total 1227328K, used 732573K [0x00000007aac00000, 0x00000007fe620000, 0x0000000800000000)
  eden space 1110784K, 62% used [0x00000007aac00000,0x00000007d52005c8,0x00000007ee8c0000)
  from space 116544K, 32% used [0x00000007f7450000,0x00000007f99b6ec8,0x00000007fe620000)
  to   space 129728K, 0% used [0x00000007ee8c0000,0x00000007ee8c0000,0x00000007f6770000)
 ParOldGen       total 573888K, used 249023K [0x0000000700400000, 0x0000000723470000, 0x00000007aac00000)
  object space 573888K, 43% used [0x0000000700400000,0x000000070f72ffa0,0x0000000723470000)
 PSPermGen       total 41536K, used 27918K [0x00000006fb200000, 0x00000006fda90000, 0x0000000700400000)
  object space 41536K, 67% used [0x00000006fb200000,0x00000006fcd43b68,0x00000006fda90000)
GC Heap History (10 events):
Event: 15.074 GC heap before
{Heap before GC invocations=16 (full 2):
 PSYoungGen      total 1157056K, used 80928K [0x00000007aac00000, 0x0000000800000000, 0x0000000800000000)
  eden space 1076096K, 0% used [0x00000007aac00000,0x00000007aac00000,0x00000007ec6e0000)
  from space 80960K, 99% used [0x00000007f6c20000,0x00000007fbb281d8,0x00000007fbb30000)
  to   space 160320K, 0% used [0x00000007ec6e0000,0x00000007ec6e0000,0x00000007f6370000)
 ParOldGen       total 334656K, used 252162K [0x0000000700400000, 0x0000000714ad0000, 0x00000007aac00000)
  object space 334656K, 75% used [0x0000000700400000,0x000000070fa40a50,0x0000000714ad0000)
 PSPermGen       total 26496K, used 26492K [0x00000006fb200000, 0x00000006fcbe0000, 0x0000000700400000)
  object space 26496K, 99% used [0x00000006fb200000,0x00000006fcbdf2d8,0x00000006fcbe0000)
Event: 15.604 GC heap after
Heap after GC invocations=16 (full 2):
 PSYoungGen      total 1157056K, used 0K [0x00000007aac00000, 0x0000000800000000, 0x0000000800000000)
  eden space 1076096K, 0% used [0x00000007aac00000,0x00000007aac00000,0x00000007ec6e0000)
  from space 80960K, 0% used [0x00000007f6c20000,0x00000007f6c20000,0x00000007fbb30000)
  to   space 160320K, 0% used [0x00000007ec6e0000,0x00000007ec6e0000,0x00000007f6370000)
 ParOldGen       total 573888K, used 249023K [0x0000000700400000, 0x0000000723470000, 0x00000007aac00000)
  object space 573888K, 43% used [0x0000000700400000,0x000000070f72ffa0,0x0000000723470000)
 PSPermGen       total 41536K, used 26485K [0x00000006fb200000, 0x00000006fda90000, 0x0000000700400000)
  object space 41536K, 63% used [0x00000006fb200000,0x00000006fcbdd780,0x00000006fda90000)
}
Event: 28.838 GC heap before
{Heap before GC invocations=17 (full 2):
 PSYoungGen      total 1157056K, used 1076096K [0x00000007aac00000, 0x0000000800000000, 0x0000000800000000)
  eden space 1076096K, 100% used [0x00000007aac00000,0x00000007ec6e0000,0x00000007ec6e0000)
  from space 80960K, 0% used [0x00000007f6c20000,0x00000007f6c20000,0x00000007fbb30000)
  to   space 160320K, 0% used [0x00000007ec6e0000,0x00000007ec6e0000,0x00000007f6370000)
 ParOldGen       total 573888K, used 249023K [0x0000000700400000, 0x0000000723470000, 0x00000007aac00000)
  object space 573888K, 43% used [0x0000000700400000,0x000000070f72ffa0,0x0000000723470000)
 PSPermGen       total 41536K, used 26867K [0x00000006fb200000, 0x00000006fda90000, 0x0000000700400000)
  object space 41536K, 64% used [0x00000006fb200000,0x00000006fcc3cc20,0x00000006fda90000)
Event: 28.845 GC heap after
Heap after GC invocations=17 (full 2):
 PSYoungGen      total 1236416K, used 20694K [0x00000007aac00000, 0x0000000800000000, 0x0000000800000000)
  eden space 1076096K, 0% used [0x00000007aac00000,0x00000007aac00000,0x00000007ec6e0000)
  from space 160320K, 12% used [0x00000007ec6e0000,0x00000007edb159e0,0x00000007f6370000)
  to   space 153984K, 0% used [0x00000007f69a0000,0x00000007f69a0000,0x0000000800000000)
 ParOldGen       total 573888K, used 249023K [0x0000000700400000, 0x0000000723470000, 0x00000007aac00000)
  object space 573888K, 43% used [0x0000000700400000,0x000000070f72ffa0,0x0000000723470000)
 PSPermGen       total 41536K, used 26867K [0x00000006fb200000, 0x00000006fda90000, 0x0000000700400000)
  object space 41536K, 64% used [0x00000006fb200000,0x00000006fcc3cc20,0x00000006fda90000)
}
Event: 48.340 GC heap before
{Heap before GC invocations=18 (full 2):
 PSYoungGen      total 1236416K, used 1096790K [0x00000007aac00000, 0x0000000800000000, 0x0000000800000000)
  eden space 1076096K, 100% used [0x00000007aac00000,0x00000007ec6e0000,0x00000007ec6e0000)
  from space 160320K, 12% used [0x00000007ec6e0000,0x00000007edb159e0,0x00000007f6370000)
  to   space 153984K, 0% used [0x00000007f69a0000,0x00000007f69a0000,0x0000000800000000)
 ParOldGen       total 573888K, used 249023K [0x0000000700400000, 0x0000000723470000, 0x00000007aac00000)
  object space 573888K, 43% used [0x0000000700400000,0x000000070f72ffa0,0x0000000723470000)
 PSPermGen       total 41536K, used 27006K [0x00000006fb200000, 0x00000006fda90000, 0x0000000700400000)
  object space 41536K, 65% used [0x00000006fb200000,0x00000006fcc5fa58,0x00000006fda90000)
Event: 48.346 GC heap after
Heap after GC invocations=18 (full 2):
 PSYoungGen      total 1216768K, used 21338K [0x00000007aac00000, 0x00000007fecd0000, 0x0000000800000000)
  eden space 1082432K, 0% used [0x00000007aac00000,0x00000007aac00000,0x00000007ecd10000)
  from space 134336K, 15% used [0x00000007f69a0000,0x00000007f7e76960,0x00000007fecd0000)
  to   space 147328K, 0% used [0x00000007ecd10000,0x00000007ecd10000,0x00000007f5cf0000)
 ParOldGen       total 573888K, used 249023K [0x0000000700400000, 0x0000000723470000, 0x00000007aac00000)
  object space 573888K, 43% used [0x0000000700400000,0x000000070f72ffa0,0x0000000723470000)
 PSPermGen       total 41536K, used 27006K [0x00000006fb200000, 0x00000006fda90000, 0x0000000700400000)
  object space 41536K, 65% used [0x00000006fb200000,0x00000006fcc5fa58,0x00000006fda90000)
}
Event: 124.486 GC heap before
{Heap before GC invocations=19 (full 2):
 PSYoungGen      total 1216768K, used 1103770K [0x00000007aac00000, 0x00000007fecd0000, 0x0000000800000000)
  eden space 1082432K, 100% used [0x00000007aac00000,0x00000007ecd10000,0x00000007ecd10000)
  from space 134336K, 15% used [0x00000007f69a0000,0x00000007f7e76960,0x00000007fecd0000)
  to   space 147328K, 0% used [0x00000007ecd10000,0x00000007ecd10000,0x00000007f5cf0000)
 ParOldGen       total 573888K, used 249023K [0x0000000700400000, 0x0000000723470000, 0x00000007aac00000)
  object space 573888K, 43% used [0x0000000700400000,0x000000070f72ffa0,0x0000000723470000)
 PSPermGen       total 41536K, used 27705K [0x00000006fb200000, 0x00000006fda90000, 0x0000000700400000)
  object space 41536K, 66% used [0x00000006fb200000,0x00000006fcd0e438,0x00000006fda90000)
Event: 124.500 GC heap after
Heap after GC invocations=19 (full 2):
 PSYoungGen      total 1229760K, used 33790K [0x00000007aac00000, 0x00000007ffbb0000, 0x0000000800000000)
  eden space 1082432K, 0% used [0x00000007aac00000,0x00000007aac00000,0x00000007ecd10000)
  from space 147328K, 22% used [0x00000007ecd10000,0x00000007eee0f840,0x00000007f5cf0000)
  to   space 138624K, 0% used [0x00000007f7450000,0x00000007f7450000,0x00000007ffbb0000)
 ParOldGen       total 573888K, used 249023K [0x0000000700400000, 0x0000000723470000, 0x00000007aac00000)
  object space 573888K, 43% used [0x0000000700400000,0x000000070f72ffa0,0x0000000723470000)
 PSPermGen       total 41536K, used 27705K [0x00000006fb200000, 0x00000006fda90000, 0x0000000700400000)
  object space 41536K, 66% used [0x00000006fb200000,0x00000006fcd0e438,0x00000006fda90000)
}
Event: 243.563 GC heap before
{Heap before GC invocations=20 (full 2):
 PSYoungGen      total 1229760K, used 1116222K [0x00000007aac00000, 0x00000007ffbb0000, 0x0000000800000000)
  eden space 1082432K, 100% used [0x00000007aac00000,0x00000007ecd10000,0x00000007ecd10000)
  from space 147328K, 22% used [0x00000007ecd10000,0x00000007eee0f840,0x00000007f5cf0000)
  to   space 138624K, 0% used [0x00000007f7450000,0x00000007f7450000,0x00000007ffbb0000)
 ParOldGen       total 573888K, used 249023K [0x0000000700400000, 0x0000000723470000, 0x00000007aac00000)
  object space 573888K, 43% used [0x0000000700400000,0x000000070f72ffa0,0x0000000723470000)
 PSPermGen       total 41536K, used 27812K [0x00000006fb200000, 0x00000006fda90000, 0x0000000700400000)
  object space 41536K, 66% used [0x00000006fb200000,0x00000006fcd293b0,0x00000006fda90000)
Event: 243.578 GC heap after
Heap after GC invocations=20 (full 2):
 PSYoungGen      total 1227328K, used 38299K [0x00000007aac00000, 0x00000007fe620000, 0x0000000800000000)
  eden space 1110784K, 0% used [0x00000007aac00000,0x00000007aac00000,0x00000007ee8c0000)
  from space 116544K, 32% used [0x00000007f7450000,0x00000007f99b6ec8,0x00000007fe620000)
  to   space 129728K, 0% used [0x00000007ee8c0000,0x00000007ee8c0000,0x00000007f6770000)
 ParOldGen       total 573888K, used 249023K [0x0000000700400000, 0x0000000723470000, 0x00000007aac00000)
  object space 573888K, 43% used [0x0000000700400000,0x000000070f72ffa0,0x0000000723470000)
 PSPermGen       total 41536K, used 27812K [0x00000006fb200000, 0x00000006fda90000, 0x0000000700400000)
  object space 41536K, 66% used [0x00000006fb200000,0x00000006fcd293b0,0x00000006fda90000)
}

